This is XeTeX, Version 3.141592653-2.6-0.999995 (TeX Live 2023) (preloaded format=xelatex 2023.3.30)  26 MAR 2026 14:16
entering extended mode
 restricted \write18 enabled.
 %&-line parsing enabled.
**EP5Bookdown.tex
(./EP5Bookdown.tex
LaTeX2e <2022-11-01> patch level 1
L3 programming layer <2023-02-22> (/usr/local/texlive/2023/texmf-dist/tex/latex
/base/book.cls
Document Class: book 2022/07/02 v1.4n Standard LaTeX document class
(/usr/local/texlive/2023/texmf-dist/tex/latex/base/bk10.clo
File: bk10.clo 2022/07/02 v1.4n Standard LaTeX file (size option)
)
\c@part=\count181
\c@chapter=\count182
\c@section=\count183
\c@subsection=\count184
\c@subsubsection=\count185
\c@paragraph=\count186
\c@subparagraph=\count187
\c@figure=\count188
\c@table=\count189
\abovecaptionskip=\skip48
\belowcaptionskip=\skip49
\bibindent=\dimen140
) (/usr/local/texlive/2023/texmf-dist/tex/latex/xcolor/xcolor.sty
Package: xcolor 2022/06/12 v2.14 LaTeX color extensions (UK)
(/usr/local/texlive/2023/texmf-dist/tex/latex/graphics-cfg/color.cfg
File: color.cfg 2016/01/02 v1.6 sample color configuration
)
Package xcolor Info: Driver file: xetex.def on input line 227.
(/usr/local/texlive/2023/texmf-dist/tex/latex/graphics-def/xetex.def
File: xetex.def 2022/09/22 v5.0n Graphics/color driver for xetex
) (/usr/local/texlive/2023/texmf-dist/tex/latex/graphics/mathcolor.ltx)
Package xcolor Info: Model `cmy' substituted by `cmy0' on input line 1353.
Package xcolor Info: Model `RGB' extended on input line 1369.
Package xcolor Info: Model `HTML' substituted by `rgb' on input line 1371.
Package xcolor Info: Model `Hsb' substituted by `hsb' on input line 1372.
Package xcolor Info: Model `tHsb' substituted by `hsb' on input line 1373.
Package xcolor Info: Model `HSB' substituted by `hsb' on input line 1374.
Package xcolor Info: Model `Gray' substituted by `gray' on input line 1375.
Package xcolor Info: Model `wave' substituted by `hsb' on input line 1376.
) (/usr/local/texlive/2023/texmf-dist/tex/latex/amsmath/amsmath.sty
Package: amsmath 2022/04/08 v2.17n AMS math features
\@mathmargin=\skip50
For additional information on amsmath, use the `?' option.
(/usr/local/texlive/2023/texmf-dist/tex/latex/amsmath/amstext.sty
Package: amstext 2021/08/26 v2.01 AMS text
(/usr/local/texlive/2023/texmf-dist/tex/latex/amsmath/amsgen.sty
File: amsgen.sty 1999/11/30 v2.0 generic functions
\@emptytoks=\toks16
\ex@=\dimen141
)) (/usr/local/texlive/2023/texmf-dist/tex/latex/amsmath/amsbsy.sty
Package: amsbsy 1999/11/29 v1.2d Bold Symbols
\pmbraise@=\dimen142
) (/usr/local/texlive/2023/texmf-dist/tex/latex/amsmath/amsopn.sty
Package: amsopn 2022/04/08 v2.04 operator names
)
\inf@bad=\count190
LaTeX Info: Redefining \frac on input line 234.
\uproot@=\count191
\leftroot@=\count192
LaTeX Info: Redefining \overline on input line 399.
LaTeX Info: Redefining \colon on input line 410.
\classnum@=\count193
\DOTSCASE@=\count194
LaTeX Info: Redefining \ldots on input line 496.
LaTeX Info: Redefining \dots on input line 499.
LaTeX Info: Redefining \cdots on input line 620.
\Mathstrutbox@=\box51
\strutbox@=\box52
LaTeX Info: Redefining \big on input line 722.
LaTeX Info: Redefining \Big on input line 723.
LaTeX Info: Redefining \bigg on input line 724.
LaTeX Info: Redefining \Bigg on input line 725.
\big@size=\dimen143
LaTeX Font Info:    Redeclaring font encoding OML on input line 743.
LaTeX Font Info:    Redeclaring font encoding OMS on input line 744.
\macc@depth=\count195
LaTeX Info: Redefining \bmod on input line 905.
LaTeX Info: Redefining \pmod on input line 910.
LaTeX Info: Redefining \smash on input line 940.
LaTeX Info: Redefining \relbar on input line 970.
LaTeX Info: Redefining \Relbar on input line 971.
\c@MaxMatrixCols=\count196
\dotsspace@=\muskip16
\c@parentequation=\count197
\dspbrk@lvl=\count198
\tag@help=\toks17
\row@=\count199
\column@=\count266
\maxfields@=\count267
\andhelp@=\toks18
\eqnshift@=\dimen144
\alignsep@=\dimen145
\tagshift@=\dimen146
\tagwidth@=\dimen147
\totwidth@=\dimen148
\lineht@=\dimen149
\@envbody=\toks19
\multlinegap=\skip51
\multlinetaggap=\skip52
\mathdisplay@stack=\toks20
LaTeX Info: Redefining \[ on input line 2953.
LaTeX Info: Redefining \] on input line 2954.
) (/usr/local/texlive/2023/texmf-dist/tex/latex/amsfonts/amssymb.sty
Package: amssymb 2013/01/14 v3.01 AMS font symbols
(/usr/local/texlive/2023/texmf-dist/tex/latex/amsfonts/amsfonts.sty
Package: amsfonts 2013/01/14 v3.01 Basic AMSFonts support
\symAMSa=\mathgroup4
\symAMSb=\mathgroup5
LaTeX Font Info:    Redeclaring math symbol \hbar on input line 98.
LaTeX Font Info:    Overwriting math alphabet `\mathfrak' in version `bold'
(Font)                  U/euf/m/n --> U/euf/b/n on input line 106.
)) (/usr/local/texlive/2023/texmf-dist/tex/generic/iftex/iftex.sty
Package: iftex 2022/02/03 v1.0f TeX engine tests
) (/usr/local/texlive/2023/texmf-dist/tex/latex/unicode-math/unicode-math.sty (
/usr/local/texlive/2023/texmf-dist/tex/latex/l3kernel/expl3.sty
Package: expl3 2023-02-22 L3 programming layer (loader) 
(/usr/local/texlive/2023/texmf-dist/tex/latex/l3backend/l3backend-xetex.def
File: l3backend-xetex.def 2023-01-16 L3 backend support: XeTeX
\g__graphics_track_int=\count268
\l__pdf_internal_box=\box53
\g__pdf_backend_object_int=\count269
\g__pdf_backend_annotation_int=\count270
\g__pdf_backend_link_int=\count271
))
Package: unicode-math 2020/01/31 v0.8q Unicode maths in XeLaTeX and LuaLaTeX

(/usr/local/texlive/2023/texmf-dist/tex/latex/unicode-math/unicode-math-xetex.s
ty
Package: unicode-math-xetex 2020/01/31 v0.8q Unicode maths in XeLaTeX and LuaLa
TeX
(/usr/local/texlive/2023/texmf-dist/tex/latex/l3packages/xparse/xparse.sty
Package: xparse 2023-02-02 L3 Experimental document command parser
) (/usr/local/texlive/2023/texmf-dist/tex/latex/l3packages/l3keys2e/l3keys2e.st
y
Package: l3keys2e 2023-02-02 LaTeX2e option processing using LaTeX3 keys
) (/usr/local/texlive/2023/texmf-dist/tex/latex/fontspec/fontspec.sty
Package: fontspec 2022/01/15 v2.8a Font selection for XeLaTeX and LuaLaTeX
(/usr/local/texlive/2023/texmf-dist/tex/latex/fontspec/fontspec-xetex.sty
Package: fontspec-xetex 2022/01/15 v2.8a Font selection for XeLaTeX and LuaLaTe
X
\l__fontspec_script_int=\count272
\l__fontspec_language_int=\count273
\l__fontspec_strnum_int=\count274
\l__fontspec_tmp_int=\count275
\l__fontspec_tmpa_int=\count276
\l__fontspec_tmpb_int=\count277
\l__fontspec_tmpc_int=\count278
\l__fontspec_em_int=\count279
\l__fontspec_emdef_int=\count280
\l__fontspec_strong_int=\count281
\l__fontspec_strongdef_int=\count282
\l__fontspec_tmpa_dim=\dimen150
\l__fontspec_tmpb_dim=\dimen151
\l__fontspec_tmpc_dim=\dimen152
(/usr/local/texlive/2023/texmf-dist/tex/latex/base/fontenc.sty
Package: fontenc 2021/04/29 v2.0v Standard LaTeX package
) (/usr/local/texlive/2023/texmf-dist/tex/latex/fontspec/fontspec.cfg))) (/usr/
local/texlive/2023/texmf-dist/tex/latex/base/fix-cm.sty
Package: fix-cm 2020/11/24 v1.1t fixes to LaTeX
(/usr/local/texlive/2023/texmf-dist/tex/latex/base/ts1enc.def
File: ts1enc.def 2001/06/05 v3.0e (jk/car/fm) Standard LaTeX file
LaTeX Font Info:    Redeclaring font encoding TS1 on input line 47.
))
\g__um_fam_int=\count283
\g__um_fonts_used_int=\count284
\l__um_primecount_int=\count285
\g__um_primekern_muskip=\muskip17

(/usr/local/texlive/2023/texmf-dist/tex/latex/unicode-math/unicode-math-table.t
ex))) (/usr/local/texlive/2023/texmf-dist/tex/latex/lm/lmodern.sty
Package: lmodern 2015/05/01 v1.6.1 Latin Modern Fonts
LaTeX Font Info:    Overwriting symbol font `operators' in version `normal'
(Font)                  OT1/cmr/m/n --> OT1/lmr/m/n on input line 22.
LaTeX Font Info:    Overwriting symbol font `letters' in version `normal'
(Font)                  OML/cmm/m/it --> OML/lmm/m/it on input line 23.
LaTeX Font Info:    Overwriting symbol font `symbols' in version `normal'
(Font)                  OMS/cmsy/m/n --> OMS/lmsy/m/n on input line 24.
LaTeX Font Info:    Overwriting symbol font `largesymbols' in version `normal'
(Font)                  OMX/cmex/m/n --> OMX/lmex/m/n on input line 25.
LaTeX Font Info:    Overwriting symbol font `operators' in version `bold'
(Font)                  OT1/cmr/bx/n --> OT1/lmr/bx/n on input line 26.
LaTeX Font Info:    Overwriting symbol font `letters' in version `bold'
(Font)                  OML/cmm/b/it --> OML/lmm/b/it on input line 27.
LaTeX Font Info:    Overwriting symbol font `symbols' in version `bold'
(Font)                  OMS/cmsy/b/n --> OMS/lmsy/b/n on input line 28.
LaTeX Font Info:    Overwriting symbol font `largesymbols' in version `bold'
(Font)                  OMX/cmex/m/n --> OMX/lmex/m/n on input line 29.
LaTeX Font Info:    Overwriting math alphabet `\mathbf' in version `normal'
(Font)                  OT1/cmr/bx/n --> OT1/lmr/bx/n on input line 31.
LaTeX Font Info:    Overwriting math alphabet `\mathsf' in version `normal'
(Font)                  OT1/cmss/m/n --> OT1/lmss/m/n on input line 32.
LaTeX Font Info:    Overwriting math alphabet `\mathit' in version `normal'
(Font)                  OT1/cmr/m/it --> OT1/lmr/m/it on input line 33.
LaTeX Font Info:    Overwriting math alphabet `\mathtt' in version `normal'
(Font)                  OT1/cmtt/m/n --> OT1/lmtt/m/n on input line 34.
LaTeX Font Info:    Overwriting math alphabet `\mathbf' in version `bold'
(Font)                  OT1/cmr/bx/n --> OT1/lmr/bx/n on input line 35.
LaTeX Font Info:    Overwriting math alphabet `\mathsf' in version `bold'
(Font)                  OT1/cmss/bx/n --> OT1/lmss/bx/n on input line 36.
LaTeX Font Info:    Overwriting math alphabet `\mathit' in version `bold'
(Font)                  OT1/cmr/bx/it --> OT1/lmr/bx/it on input line 37.
LaTeX Font Info:    Overwriting math alphabet `\mathtt' in version `bold'
(Font)                  OT1/cmtt/m/n --> OT1/lmtt/m/n on input line 38.
) (/usr/local/texlive/2023/texmf-dist/tex/latex/upquote/upquote.sty
Package: upquote 2012/04/19 v1.3 upright-quote and grave-accent glyphs in verba
tim
(/usr/local/texlive/2023/texmf-dist/tex/latex/base/textcomp.sty
Package: textcomp 2020/02/02 v2.0n Standard LaTeX package
)) (/usr/local/texlive/2023/texmf-dist/tex/latex/microtype/microtype.sty
Package: microtype 2023/03/13 v3.1a Micro-typographical refinements (RS)
(/usr/local/texlive/2023/texmf-dist/tex/latex/graphics/keyval.sty
Package: keyval 2022/05/29 v1.15 key=value parser (DPC)
\KV@toks@=\toks21
) (/usr/local/texlive/2023/texmf-dist/tex/latex/etoolbox/etoolbox.sty
Package: etoolbox 2020/10/05 v2.5k e-TeX tools for LaTeX (JAW)
\etb@tempcnta=\count286
)
\MT@toks=\toks22
\MT@tempbox=\box54
\MT@count=\count287
LaTeX Info: Redefining \noprotrusionifhmode on input line 1059.
LaTeX Info: Redefining \leftprotrusion on input line 1060.
\MT@prot@toks=\toks23
LaTeX Info: Redefining \rightprotrusion on input line 1078.
LaTeX Info: Redefining \textls on input line 1368.
\MT@outer@kern=\dimen153
LaTeX Info: Redefining \textmicrotypecontext on input line 1988.
\MT@listname@count=\count288
(/usr/local/texlive/2023/texmf-dist/tex/latex/microtype/microtype-xetex.def
File: microtype-xetex.def 2023/03/13 v3.1a Definitions specific to xetex (RS)
LaTeX Info: Redefining \lsstyle on input line 238.
)
Package microtype Info: Loading configuration file microtype.cfg.
(/usr/local/texlive/2023/texmf-dist/tex/latex/microtype/microtype.cfg
File: microtype.cfg 2023/03/13 v3.1a microtype main configuration file (RS)
)) (/usr/local/texlive/2023/texmf-dist/tex/latex/parskip/parskip.sty
Package: parskip 2021-03-14 v2.0h non-zero parskip adjustments
(/usr/local/texlive/2023/texmf-dist/tex/latex/kvoptions/kvoptions.sty
Package: kvoptions 2022-06-15 v3.15 Key value format for package options (HO)
(/usr/local/texlive/2023/texmf-dist/tex/generic/ltxcmds/ltxcmds.sty
Package: ltxcmds 2020-05-10 v1.25 LaTeX kernel commands for general use (HO)
) (/usr/local/texlive/2023/texmf-dist/tex/latex/kvsetkeys/kvsetkeys.sty
Package: kvsetkeys 2022-10-05 v1.19 Key value parser (HO)
))) (/usr/local/texlive/2023/texmf-dist/tex/latex/fancyvrb/fancyvrb.sty
Package: fancyvrb 2023/01/19 4.5a verbatim text (tvz,hv)
\FV@CodeLineNo=\count289
\FV@InFile=\read2
\FV@TabBox=\box55
\c@FancyVerbLine=\count290
\FV@StepNumber=\count291
\FV@OutFile=\write3
) (/usr/local/texlive/2023/texmf-dist/tex/latex/framed/framed.sty
Package: framed 2011/10/22 v 0.96: framed or shaded text with page breaks
\OuterFrameSep=\skip53
\fb@frw=\dimen154
\fb@frh=\dimen155
\FrameRule=\dimen156
\FrameSep=\dimen157
) (/usr/local/texlive/2023/texmf-dist/tex/latex/tools/longtable.sty
Package: longtable 2021-09-01 v4.17 Multi-page Table package (DPC)
\LTleft=\skip54
\LTright=\skip55
\LTpre=\skip56
\LTpost=\skip57
\LTchunksize=\count292
\LTcapwidth=\dimen158
\LT@head=\box56
\LT@firsthead=\box57
\LT@foot=\box58
\LT@lastfoot=\box59
\LT@gbox=\box60
\LT@cols=\count293
\LT@rows=\count294
\c@LT@tables=\count295
\c@LT@chunks=\count296
\LT@p@ftn=\toks24
) (/usr/local/texlive/2023/texmf-dist/tex/latex/booktabs/booktabs.sty
Package: booktabs 2020/01/12 v1.61803398 Publication quality tables
\heavyrulewidth=\dimen159
\lightrulewidth=\dimen160
\cmidrulewidth=\dimen161
\belowrulesep=\dimen162
\belowbottomsep=\dimen163
\aboverulesep=\dimen164
\abovetopsep=\dimen165
\cmidrulesep=\dimen166
\cmidrulekern=\dimen167
\defaultaddspace=\dimen168
\@cmidla=\count297
\@cmidlb=\count298
\@aboverulesep=\dimen169
\@belowrulesep=\dimen170
\@thisruleclass=\count299
\@lastruleclass=\count300
\@thisrulewidth=\dimen171
) (/usr/local/texlive/2023/texmf-dist/tex/latex/tools/array.sty
Package: array 2022/09/04 v2.5g Tabular extension package (FMi)
\col@sep=\dimen172
\ar@mcellbox=\box61
\extrarowheight=\dimen173
\NC@list=\toks25
\extratabsurround=\skip58
\backup@length=\skip59
\ar@cellbox=\box62
) (/usr/local/texlive/2023/texmf-dist/tex/latex/tools/calc.sty
Package: calc 2017/05/25 v4.3 Infix arithmetic (KKT,FJ)
\calc@Acount=\count301
\calc@Bcount=\count302
\calc@Adimen=\dimen174
\calc@Bdimen=\dimen175
\calc@Askip=\skip60
\calc@Bskip=\skip61
LaTeX Info: Redefining \setlength on input line 80.
LaTeX Info: Redefining \addtolength on input line 81.
\calc@Ccount=\count303
\calc@Cskip=\skip62
) (/usr/local/texlive/2023/texmf-dist/tex/latex/footnotehyper/footnotehyper.sty
Package: footnotehyper 2021/08/13 v1.1e hyperref aware footnote.sty (JFB)
\FNH@notes=\box63
\FNH@width=\dimen176
\FNH@toks=\toks26
) (/usr/local/texlive/2023/texmf-dist/tex/latex/graphics/graphicx.sty
Package: graphicx 2021/09/16 v1.2d Enhanced LaTeX Graphics (DPC,SPQR)
(/usr/local/texlive/2023/texmf-dist/tex/latex/graphics/graphics.sty
Package: graphics 2022/03/10 v1.4e Standard LaTeX Graphics (DPC,SPQR)
(/usr/local/texlive/2023/texmf-dist/tex/latex/graphics/trig.sty
Package: trig 2021/08/11 v1.11 sin cos tan (DPC)
) (/usr/local/texlive/2023/texmf-dist/tex/latex/graphics-cfg/graphics.cfg
File: graphics.cfg 2016/06/04 v1.11 sample graphics configuration
)
Package graphics Info: Driver file: xetex.def on input line 107.
)
\Gin@req@height=\dimen177
\Gin@req@width=\dimen178
)
\pandoc@box=\box64
(/usr/local/texlive/2023/texmf-dist/tex/latex/natbib/natbib.sty
Package: natbib 2010/09/13 8.31b (PWD, AO)
\bibhang=\skip63
\bibsep=\skip64
LaTeX Info: Redefining \cite on input line 694.
\c@NAT@ctr=\count304
) (/usr/local/texlive/2023/texmf-dist/tex/latex/bookmark/bookmark.sty
Package: bookmark 2020-11-06 v1.29 PDF bookmarks (HO)
(/usr/local/texlive/2023/texmf-dist/tex/latex/hyperref/hyperref.sty
Package: hyperref 2023-02-07 v7.00v Hypertext links for LaTeX
(/usr/local/texlive/2023/texmf-dist/tex/generic/pdftexcmds/pdftexcmds.sty
Package: pdftexcmds 2020-06-27 v0.33 Utility functions of pdfTeX for LuaTeX (HO
)
(/usr/local/texlive/2023/texmf-dist/tex/generic/infwarerr/infwarerr.sty
Package: infwarerr 2019/12/03 v1.5 Providing info/warning/error messages (HO)
)
Package pdftexcmds Info: \pdf@primitive is available.
Package pdftexcmds Info: \pdf@ifprimitive is available.
Package pdftexcmds Info: \pdfdraftmode not found.
) (/usr/local/texlive/2023/texmf-dist/tex/generic/kvdefinekeys/kvdefinekeys.sty
Package: kvdefinekeys 2019-12-19 v1.6 Define keys (HO)
) (/usr/local/texlive/2023/texmf-dist/tex/generic/pdfescape/pdfescape.sty
Package: pdfescape 2019/12/09 v1.15 Implements pdfTeX's escape features (HO)
) (/usr/local/texlive/2023/texmf-dist/tex/latex/hycolor/hycolor.sty
Package: hycolor 2020-01-27 v1.10 Color options for hyperref/bookmark (HO)
) (/usr/local/texlive/2023/texmf-dist/tex/latex/letltxmacro/letltxmacro.sty
Package: letltxmacro 2019/12/03 v1.6 Let assignment for LaTeX macros (HO)
) (/usr/local/texlive/2023/texmf-dist/tex/latex/auxhook/auxhook.sty
Package: auxhook 2019-12-17 v1.6 Hooks for auxiliary files (HO)
) (/usr/local/texlive/2023/texmf-dist/tex/latex/hyperref/nameref.sty
Package: nameref 2022-05-17 v2.50 Cross-referencing by name of section
(/usr/local/texlive/2023/texmf-dist/tex/latex/refcount/refcount.sty
Package: refcount 2019/12/15 v3.6 Data extraction from label references (HO)
)
(/usr/local/texlive/2023/texmf-dist/tex/generic/gettitlestring/gettitlestring.s
ty
Package: gettitlestring 2019/12/15 v1.6 Cleanup title references (HO)
)
\c@section@level=\count305
)
\@linkdim=\dimen179
\Hy@linkcounter=\count306
\Hy@pagecounter=\count307
(/usr/local/texlive/2023/texmf-dist/tex/latex/hyperref/pd1enc.def
File: pd1enc.def 2023-02-07 v7.00v Hyperref: PDFDocEncoding definition (HO)
) (/usr/local/texlive/2023/texmf-dist/tex/generic/intcalc/intcalc.sty
Package: intcalc 2019/12/15 v1.3 Expandable calculations with integers (HO)
) (/usr/local/texlive/2023/texmf-dist/tex/generic/etexcmds/etexcmds.sty
Package: etexcmds 2019/12/15 v1.7 Avoid name clashes with e-TeX commands (HO)
)
\Hy@SavedSpaceFactor=\count308
(/usr/local/texlive/2023/texmf-dist/tex/latex/hyperref/puenc.def
File: puenc.def 2023-02-07 v7.00v Hyperref: PDF Unicode definition (HO)
)
Package hyperref Info: Option `unicode' set `true' on input line 4060.
Package hyperref Info: Hyper figures OFF on input line 4177.
Package hyperref Info: Link nesting OFF on input line 4182.
Package hyperref Info: Hyper index ON on input line 4185.
Package hyperref Info: Plain pages OFF on input line 4192.
Package hyperref Info: Backreferencing OFF on input line 4197.
Package hyperref Info: Implicit mode ON; LaTeX internals redefined.
Package hyperref Info: Bookmarks ON on input line 4425.
\c@Hy@tempcnt=\count309
(/usr/local/texlive/2023/texmf-dist/tex/latex/url/url.sty
\Urlmuskip=\muskip18
Package: url 2013/09/16  ver 3.4  Verb mode for urls, etc.
)
LaTeX Info: Redefining \url on input line 4763.
\XeTeXLinkMargin=\dimen180
(/usr/local/texlive/2023/texmf-dist/tex/generic/bitset/bitset.sty
Package: bitset 2019/12/09 v1.3 Handle bit-vector datatype (HO)
(/usr/local/texlive/2023/texmf-dist/tex/generic/bigintcalc/bigintcalc.sty
Package: bigintcalc 2019/12/15 v1.5 Expandable calculations on big integers (HO
)
))
\Fld@menulength=\count310
\Field@Width=\dimen181
\Fld@charsize=\dimen182
Package hyperref Info: Hyper figures OFF on input line 6042.
Package hyperref Info: Link nesting OFF on input line 6047.
Package hyperref Info: Hyper index ON on input line 6050.
Package hyperref Info: backreferencing OFF on input line 6057.
Package hyperref Info: Link coloring OFF on input line 6062.
Package hyperref Info: Link coloring with OCG OFF on input line 6067.
Package hyperref Info: PDF/A mode OFF on input line 6072.
(/usr/local/texlive/2023/texmf-dist/tex/latex/base/atbegshi-ltx.sty
Package: atbegshi-ltx 2021/01/10 v1.0c Emulation of the original atbegshi
package with kernel methods
)
\Hy@abspage=\count311
\c@Item=\count312
\c@Hfootnote=\count313
)
Package hyperref Info: Driver (autodetected): hxetex.
(/usr/local/texlive/2023/texmf-dist/tex/latex/hyperref/hxetex.def
File: hxetex.def 2023-02-07 v7.00v Hyperref driver for XeTeX
(/usr/local/texlive/2023/texmf-dist/tex/generic/stringenc/stringenc.sty
Package: stringenc 2019/11/29 v1.12 Convert strings between diff. encodings (HO
)
)
\pdfm@box=\box65
\c@Hy@AnnotLevel=\count314
\HyField@AnnotCount=\count315
\Fld@listcount=\count316
\c@bookmark@seq@number=\count317

(/usr/local/texlive/2023/texmf-dist/tex/latex/rerunfilecheck/rerunfilecheck.sty
Package: rerunfilecheck 2022-07-10 v1.10 Rerun checks for auxiliary files (HO)
(/usr/local/texlive/2023/texmf-dist/tex/latex/base/atveryend-ltx.sty
Package: atveryend-ltx 2020/08/19 v1.0a Emulation of the original atveryend pac
kage
with kernel methods
)
(/usr/local/texlive/2023/texmf-dist/tex/generic/uniquecounter/uniquecounter.sty
Package: uniquecounter 2019/12/15 v1.4 Provide unlimited unique counter (HO)
)
Package uniquecounter Info: New unique counter `rerunfilecheck' on input line 2
85.
)
\Hy@SectionHShift=\skip65
) (/usr/local/texlive/2023/texmf-dist/tex/latex/bookmark/bkm-dvipdfm.def
File: bkm-dvipdfm.def 2020-11-06 v1.29 bookmark driver for dvipdfm (HO)
\BKM@id=\count318
)) (/usr/local/texlive/2023/texmf-dist/tex/latex/xurl/xurl.sty
Package: xurl 2022/01/09 v 0.10 modify URL breaks
) (./EP5Bookdown.aux)
\openout1 = `EP5Bookdown.aux'.

LaTeX Font Info:    Checking defaults for OML/cmm/m/it on input line 123.
LaTeX Font Info:    ... okay on input line 123.
LaTeX Font Info:    Checking defaults for OMS/cmsy/m/n on input line 123.
LaTeX Font Info:    ... okay on input line 123.
LaTeX Font Info:    Checking defaults for OT1/cmr/m/n on input line 123.
LaTeX Font Info:    ... okay on input line 123.
LaTeX Font Info:    Checking defaults for T1/cmr/m/n on input line 123.
LaTeX Font Info:    ... okay on input line 123.
LaTeX Font Info:    Checking defaults for TS1/cmr/m/n on input line 123.
LaTeX Font Info:    ... okay on input line 123.
LaTeX Font Info:    Checking defaults for TU/lmr/m/n on input line 123.
LaTeX Font Info:    ... okay on input line 123.
LaTeX Font Info:    Checking defaults for OMX/cmex/m/n on input line 123.
LaTeX Font Info:    ... okay on input line 123.
LaTeX Font Info:    Checking defaults for U/cmr/m/n on input line 123.
LaTeX Font Info:    ... okay on input line 123.
LaTeX Font Info:    Checking defaults for PD1/pdf/m/n on input line 123.
LaTeX Font Info:    ... okay on input line 123.
LaTeX Font Info:    Checking defaults for PU/pdf/m/n on input line 123.
LaTeX Font Info:    ... okay on input line 123.
LaTeX Font Info:    Overwriting math alphabet `\mathrm' in version `normal'
(Font)                  OT1/lmr/m/n --> TU/lmr/m/n on input line 123.
LaTeX Font Info:    Overwriting math alphabet `\mathit' in version `normal'
(Font)                  OT1/lmr/m/it --> TU/lmr/m/it on input line 123.
LaTeX Font Info:    Overwriting math alphabet `\mathbf' in version `normal'
(Font)                  OT1/lmr/bx/n --> TU/lmr/bx/n on input line 123.
LaTeX Font Info:    Overwriting math alphabet `\mathsf' in version `normal'
(Font)                  OT1/lmss/m/n --> TU/lmss/m/n on input line 123.
LaTeX Font Info:    Overwriting math alphabet `\mathsf' in version `bold'
(Font)                  OT1/lmss/bx/n --> TU/lmss/bx/n on input line 123.
LaTeX Font Info:    Overwriting math alphabet `\mathtt' in version `normal'
(Font)                  OT1/lmtt/m/n --> TU/lmtt/m/n on input line 123.
LaTeX Font Info:    Overwriting math alphabet `\mathtt' in version `bold'
(Font)                  OT1/lmtt/m/n --> TU/lmtt/bx/n on input line 123.

Package fontspec Info: latinmodern-math scale = 0.9999964596882403.


Package fontspec Info: latinmodern-math scale = 0.9999964596882403.


Package fontspec Info: latinmodern-math scale = 0.9999964596882403.


Package fontspec Info: Font family 'latinmodern-math.otf(0)' created for font
(fontspec)             'latinmodern-math.otf' with options
(fontspec)             [Scale=MatchLowercase,BoldItalicFont={},ItalicFont={},Sm
allCapsFont={},Script=Math,BoldFont={latinmodern-math.otf}].
(fontspec)              
(fontspec)              This font family consists of the following NFSS
(fontspec)             series/shapes:
(fontspec)              
(fontspec)             - 'normal' (m/n) with NFSS spec.:
(fontspec)             <->s*[0.9999964596882403]"[latinmodern-math.otf]/OT:scri
pt=math;language=dflt;"
(fontspec)             - 'small caps'  (m/sc) with NFSS spec.: 
(fontspec)             - 'bold' (b/n) with NFSS spec.:
(fontspec)             <->s*[0.9999964596882403]"[latinmodern-math.otf]/OT:scri
pt=math;language=dflt;"
(fontspec)             - 'bold small caps'  (b/sc) with NFSS spec.: 

LaTeX Font Info:    Font shape `TU/latinmodern-math.otf(0)/m/n' will be
(Font)              scaled to size 10.0pt on input line 123.

Package fontspec Info: latinmodern-math scale = 0.9999964596882403.


Package fontspec Info: latinmodern-math scale = 0.9999964596882403.


Package fontspec Info: latinmodern-math scale = 0.9999964596882403.


Package fontspec Info: latinmodern-math scale = 0.9999964596882403.


Package fontspec Info: latinmodern-math scale = 0.9999964596882403.


Package fontspec Info: Font family 'latinmodern-math.otf(1)' created for font
(fontspec)             'latinmodern-math.otf' with options
(fontspec)             [Scale=MatchLowercase,BoldItalicFont={},ItalicFont={},Sm
allCapsFont={},Script=Math,SizeFeatures={{Size=8.5-},{Size=6-8.5,Font=latinmode
rn-math.otf,Style=MathScript},{Size=-6,Font=latinmodern-math.otf,Style=MathScri
ptScript}},BoldFont={latinmodern-math.otf}].
(fontspec)              
(fontspec)              This font family consists of the following NFSS
(fontspec)             series/shapes:
(fontspec)              
(fontspec)             - 'normal' (m/n) with NFSS spec.:
(fontspec)             <8.5->s*[0.9999964596882403]"[latinmodern-math.otf]/OT:s
cript=math;language=dflt;"<6-8.5>s*[0.9999964596882403]"[latinmodern-math.otf]/
OT:script=math;language=dflt;+ssty=0;"<-6>s*[0.9999964596882403]"[latinmodern-m
ath.otf]/OT:script=math;language=dflt;+ssty=1;"
(fontspec)             - 'small caps'  (m/sc) with NFSS spec.: 
(fontspec)             - 'bold' (b/n) with NFSS spec.:
(fontspec)             <->s*[0.9999964596882403]"[latinmodern-math.otf]/OT:scri
pt=math;language=dflt;"
(fontspec)             - 'bold small caps'  (b/sc) with NFSS spec.: 

LaTeX Font Info:    Font shape `TU/latinmodern-math.otf(1)/m/n' will be
(Font)              scaled to size 10.0pt on input line 123.
LaTeX Font Info:    Encoding `OT1' has changed to `TU' for symbol font
(Font)              `operators' in the math version `normal' on input line 123.

LaTeX Font Info:    Overwriting symbol font `operators' in version `normal'
(Font)                  OT1/lmr/m/n --> TU/latinmodern-math.otf(1)/m/n on input
 line 123.
LaTeX Font Info:    Encoding `OT1' has changed to `TU' for symbol font
(Font)              `operators' in the math version `bold' on input line 123.
LaTeX Font Info:    Overwriting symbol font `operators' in version `bold'
(Font)                  OT1/lmr/bx/n --> TU/latinmodern-math.otf(1)/b/n on inpu
t line 123.

Package fontspec Info: latinmodern-math scale = 0.9999964596882403.


Package fontspec Info: latinmodern-math scale = 1.000096459334209.


Package fontspec Info: latinmodern-math scale = 0.9999964596882403.


Package fontspec Info: latinmodern-math scale = 1.000096459334209.


Package fontspec Info: latinmodern-math scale = 0.9999964596882403.


Package fontspec Info: latinmodern-math scale = 1.000096459334209.


Package fontspec Info: latinmodern-math scale = 0.9999964596882403.


Package fontspec Info: latinmodern-math scale = 1.000096459334209.


Package fontspec Info: latinmodern-math scale = 0.9999964596882403.


Package fontspec Info: latinmodern-math scale = 1.000096459334209.


Package fontspec Info: Font family 'latinmodern-math.otf(2)' created for font
(fontspec)             'latinmodern-math.otf' with options
(fontspec)             [Scale=MatchLowercase,BoldItalicFont={},ItalicFont={},Sm
allCapsFont={},Script=Math,SizeFeatures={{Size=8.5-},{Size=6-8.5,Font=latinmode
rn-math.otf,Style=MathScript},{Size=-6,Font=latinmodern-math.otf,Style=MathScri
ptScript}},BoldFont={latinmodern-math.otf},ScaleAgain=1.0001,FontAdjustment={\f
ontdimen
(fontspec)             8\font =6.77pt\relax \fontdimen 9\font =3.94pt\relax
(fontspec)             \fontdimen 10\font =4.44pt\relax \fontdimen 11\font
(fontspec)             =6.86pt\relax \fontdimen 12\font =3.45pt\relax
(fontspec)             \fontdimen 13\font =3.63pt\relax \fontdimen 14\font
(fontspec)             =3.63pt\relax \fontdimen 15\font =2.89pt\relax
(fontspec)             \fontdimen 16\font =2.47pt\relax \fontdimen 17\font
(fontspec)             =2.47pt\relax \fontdimen 18\font =2.5pt\relax
(fontspec)             \fontdimen 19\font =2.0pt\relax \fontdimen 22\font
(fontspec)             =2.5pt\relax \fontdimen 20\font =0pt\relax \fontdimen
(fontspec)             21\font =0pt\relax }].
(fontspec)              
(fontspec)              This font family consists of the following NFSS
(fontspec)             series/shapes:
(fontspec)              
(fontspec)             - 'normal' (m/n) with NFSS spec.:
(fontspec)             <8.5->s*[1.000096459334209]"[latinmodern-math.otf]/OT:sc
ript=math;language=dflt;"<6-8.5>s*[1.000096459334209]"[latinmodern-math.otf]/OT
:script=math;language=dflt;+ssty=0;"<-6>s*[1.000096459334209]"[latinmodern-math
.otf]/OT:script=math;language=dflt;+ssty=1;"
(fontspec)             - 'small caps'  (m/sc) with NFSS spec.: 
(fontspec)             and font adjustment code:
(fontspec)             \fontdimen 8\font =6.77pt\relax \fontdimen 9\font
(fontspec)             =3.94pt\relax \fontdimen 10\font =4.44pt\relax
(fontspec)             \fontdimen 11\font =6.86pt\relax \fontdimen 12\font
(fontspec)             =3.45pt\relax \fontdimen 13\font =3.63pt\relax
(fontspec)             \fontdimen 14\font =3.63pt\relax \fontdimen 15\font
(fontspec)             =2.89pt\relax \fontdimen 16\font =2.47pt\relax
(fontspec)             \fontdimen 17\font =2.47pt\relax \fontdimen 18\font
(fontspec)             =2.5pt\relax \fontdimen 19\font =2.0pt\relax \fontdimen
(fontspec)             22\font =2.5pt\relax \fontdimen 20\font =0pt\relax
(fontspec)             \fontdimen 21\font =0pt\relax 
(fontspec)             - 'bold' (b/n) with NFSS spec.:
(fontspec)             <->s*[1.000096459334209]"[latinmodern-math.otf]/OT:scrip
t=math;language=dflt;"
(fontspec)             - 'bold small caps'  (b/sc) with NFSS spec.: 
(fontspec)             and font adjustment code:
(fontspec)             \fontdimen 8\font =6.77pt\relax \fontdimen 9\font
(fontspec)             =3.94pt\relax \fontdimen 10\font =4.44pt\relax
(fontspec)             \fontdimen 11\font =6.86pt\relax \fontdimen 12\font
(fontspec)             =3.45pt\relax \fontdimen 13\font =3.63pt\relax
(fontspec)             \fontdimen 14\font =3.63pt\relax \fontdimen 15\font
(fontspec)             =2.89pt\relax \fontdimen 16\font =2.47pt\relax
(fontspec)             \fontdimen 17\font =2.47pt\relax \fontdimen 18\font
(fontspec)             =2.5pt\relax \fontdimen 19\font =2.0pt\relax \fontdimen
(fontspec)             22\font =2.5pt\relax \fontdimen 20\font =0pt\relax
(fontspec)             \fontdimen 21\font =0pt\relax 

LaTeX Font Info:    Encoding `OMS' has changed to `TU' for symbol font
(Font)              `symbols' in the math version `normal' on input line 123.
LaTeX Font Info:    Overwriting symbol font `symbols' in version `normal'
(Font)                  OMS/lmsy/m/n --> TU/latinmodern-math.otf(2)/m/n on inpu
t line 123.
LaTeX Font Info:    Encoding `OMS' has changed to `TU' for symbol font
(Font)              `symbols' in the math version `bold' on input line 123.
LaTeX Font Info:    Overwriting symbol font `symbols' in version `bold'
(Font)                  OMS/lmsy/b/n --> TU/latinmodern-math.otf(2)/b/n on inpu
t line 123.

Package fontspec Info: latinmodern-math scale = 0.9999964596882403.


Package fontspec Info: latinmodern-math scale = 0.9998964600422715.


Package fontspec Info: latinmodern-math scale = 0.9999964596882403.


Package fontspec Info: latinmodern-math scale = 0.9998964600422715.


Package fontspec Info: latinmodern-math scale = 0.9999964596882403.


Package fontspec Info: latinmodern-math scale = 0.9998964600422715.


Package fontspec Info: latinmodern-math scale = 0.9999964596882403.


Package fontspec Info: latinmodern-math scale = 0.9998964600422715.


Package fontspec Info: latinmodern-math scale = 0.9999964596882403.


Package fontspec Info: latinmodern-math scale = 0.9998964600422715.


Package fontspec Info: Font family 'latinmodern-math.otf(3)' created for font
(fontspec)             'latinmodern-math.otf' with options
(fontspec)             [Scale=MatchLowercase,BoldItalicFont={},ItalicFont={},Sm
allCapsFont={},Script=Math,SizeFeatures={{Size=8.5-},{Size=6-8.5,Font=latinmode
rn-math.otf,Style=MathScript},{Size=-6,Font=latinmodern-math.otf,Style=MathScri
ptScript}},BoldFont={latinmodern-math.otf},ScaleAgain=0.9999,FontAdjustment={\f
ontdimen
(fontspec)             8\font =0.4pt\relax \fontdimen 9\font =2.0pt\relax
(fontspec)             \fontdimen 10\font =1.67pt\relax \fontdimen 11\font
(fontspec)             =1.11pt\relax \fontdimen 12\font =6.0pt\relax
(fontspec)             \fontdimen 13\font =0pt\relax }].
(fontspec)              
(fontspec)              This font family consists of the following NFSS
(fontspec)             series/shapes:
(fontspec)              
(fontspec)             - 'normal' (m/n) with NFSS spec.:
(fontspec)             <8.5->s*[0.9998964600422715]"[latinmodern-math.otf]/OT:s
cript=math;language=dflt;"<6-8.5>s*[0.9998964600422715]"[latinmodern-math.otf]/
OT:script=math;language=dflt;+ssty=0;"<-6>s*[0.9998964600422715]"[latinmodern-m
ath.otf]/OT:script=math;language=dflt;+ssty=1;"
(fontspec)             - 'small caps'  (m/sc) with NFSS spec.: 
(fontspec)             and font adjustment code:
(fontspec)             \fontdimen 8\font =0.4pt\relax \fontdimen 9\font
(fontspec)             =2.0pt\relax \fontdimen 10\font =1.67pt\relax
(fontspec)             \fontdimen 11\font =1.11pt\relax \fontdimen 12\font
(fontspec)             =6.0pt\relax \fontdimen 13\font =0pt\relax 
(fontspec)             - 'bold' (b/n) with NFSS spec.:
(fontspec)             <->s*[0.9998964600422715]"[latinmodern-math.otf]/OT:scri
pt=math;language=dflt;"
(fontspec)             - 'bold small caps'  (b/sc) with NFSS spec.: 
(fontspec)             and font adjustment code:
(fontspec)             \fontdimen 8\font =0.4pt\relax \fontdimen 9\font
(fontspec)             =2.0pt\relax \fontdimen 10\font =1.67pt\relax
(fontspec)             \fontdimen 11\font =1.11pt\relax \fontdimen 12\font
(fontspec)             =6.0pt\relax \fontdimen 13\font =0pt\relax 

LaTeX Font Info:    Encoding `OMX' has changed to `TU' for symbol font
(Font)              `largesymbols' in the math version `normal' on input line 1
23.
LaTeX Font Info:    Overwriting symbol font `largesymbols' in version `normal'
(Font)                  OMX/lmex/m/n --> TU/latinmodern-math.otf(3)/m/n on inpu
t line 123.
LaTeX Font Info:    Encoding `OMX' has changed to `TU' for symbol font
(Font)              `largesymbols' in the math version `bold' on input line 123
.
LaTeX Font Info:    Overwriting symbol font `largesymbols' in version `bold'
(Font)                  OMX/lmex/m/n --> TU/latinmodern-math.otf(3)/b/n on inpu
t line 123.
LaTeX Info: Redefining \microtypecontext on input line 123.
Package microtype Info: Applying patch `item' on input line 123.
Package microtype Info: Applying patch `toc' on input line 123.
Package microtype Info: Applying patch `eqnum' on input line 123.
Package microtype Info: Applying patch `footnote' on input line 123.
Package microtype Info: Applying patch `verbatim' on input line 123.
Package microtype Info: Character protrusion enabled (level 2).
Package microtype Info: Using protrusion set `basicmath'.
Package microtype Info: No adjustment of tracking.
Package microtype Info: No adjustment of spacing.
Package microtype Info: No adjustment of kerning.

(/usr/local/texlive/2023/texmf-dist/tex/latex/microtype/mt-LatinModernRoman.cfg
File: mt-LatinModernRoman.cfg 2021/02/21 v1.1 microtype config. file: Latin Mod
ern Roman (RS)
)
Package hyperref Info: Link coloring OFF on input line 123.
LaTeX Font Info:    Font shape `TU/latinmodern-math.otf(1)/m/n' will be
(Font)              scaled to size 12.0pt on input line 125.
LaTeX Font Info:    Font shape `TU/latinmodern-math.otf(1)/m/n' will be
(Font)              scaled to size 8.0pt on input line 125.
LaTeX Font Info:    Font shape `TU/latinmodern-math.otf(1)/m/n' will be
(Font)              scaled to size 6.0pt on input line 125.
LaTeX Font Info:    Trying to load font information for OML+lmm on input line 1
25.
(/usr/local/texlive/2023/texmf-dist/tex/latex/lm/omllmm.fd
File: omllmm.fd 2015/05/01 v1.6.1 Font defs for Latin Modern
)
LaTeX Font Info:    Font shape `TU/latinmodern-math.otf(2)/m/n' will be
(Font)              scaled to size 12.0011pt on input line 125.
LaTeX Font Info:    Font shape `TU/latinmodern-math.otf(2)/m/n' will be
(Font)              scaled to size 8.00073pt on input line 125.
LaTeX Font Info:    Font shape `TU/latinmodern-math.otf(2)/m/n' will be
(Font)              scaled to size 6.00055pt on input line 125.
LaTeX Font Info:    Font shape `TU/latinmodern-math.otf(3)/m/n' will be
(Font)              scaled to size 11.99872pt on input line 125.
LaTeX Font Info:    Font shape `TU/latinmodern-math.otf(3)/m/n' will be
(Font)              scaled to size 7.99915pt on input line 125.
LaTeX Font Info:    Font shape `TU/latinmodern-math.otf(3)/m/n' will be
(Font)              scaled to size 5.99936pt on input line 125.
LaTeX Font Info:    Trying to load font information for U+msa on input line 125
.
(/usr/local/texlive/2023/texmf-dist/tex/latex/amsfonts/umsa.fd
File: umsa.fd 2013/01/14 v3.01 AMS symbols A
) (/usr/local/texlive/2023/texmf-dist/tex/latex/microtype/mt-msa.cfg
File: mt-msa.cfg 2006/02/04 v1.1 microtype config. file: AMS symbols (a) (RS)
)
LaTeX Font Info:    Trying to load font information for U+msb on input line 125
.
(/usr/local/texlive/2023/texmf-dist/tex/latex/amsfonts/umsb.fd
File: umsb.fd 2013/01/14 v3.01 AMS symbols B
) (/usr/local/texlive/2023/texmf-dist/tex/latex/microtype/mt-msb.cfg
File: mt-msb.cfg 2005/06/01 v1.0 microtype config. file: AMS symbols (b) (RS)
) [1


] [2

] (./EP5Bookdown.toc
LaTeX Font Info:    Font shape `TU/latinmodern-math.otf(1)/m/n' will be
(Font)              scaled to size 7.0pt on input line 3.
LaTeX Font Info:    Font shape `TU/latinmodern-math.otf(1)/m/n' will be
(Font)              scaled to size 5.0pt on input line 3.
LaTeX Font Info:    Font shape `TU/latinmodern-math.otf(2)/m/n' will be
(Font)              scaled to size 10.00092pt on input line 3.
LaTeX Font Info:    Font shape `TU/latinmodern-math.otf(2)/m/n' will be
(Font)              scaled to size 7.00064pt on input line 3.
LaTeX Font Info:    Font shape `TU/latinmodern-math.otf(2)/m/n' will be
(Font)              scaled to size 5.00046pt on input line 3.
LaTeX Font Info:    Font shape `TU/latinmodern-math.otf(3)/m/n' will be
(Font)              scaled to size 9.99893pt on input line 3.
LaTeX Font Info:    Font shape `TU/latinmodern-math.otf(3)/m/n' will be
(Font)              scaled to size 6.99925pt on input line 3.
LaTeX Font Info:    Font shape `TU/latinmodern-math.otf(3)/m/n' will be
(Font)              scaled to size 4.99947pt on input line 3.
[3] [4] [5])
\tf@toc=\write4
\openout4 = `EP5Bookdown.toc'.

[6] [7

] [8

] [9] [10]
Chapter 1.
File: images/01_chocolate.png Graphic file (type bmp)
<images/01_chocolate.png>
[11

]
File: images/01_spurious.png Graphic file (type bmp)
<images/01_spurious.png>
[12] [13]
Underfull \hbox (badness 10000) in paragraph at lines 209--210

 []


Underfull \hbox (badness 10000) in paragraph at lines 217--218

 []


Underfull \hbox (badness 10000) in paragraph at lines 225--226

 []

File: images/01_data.png Graphic file (type bmp)
<images/01_data.png>
File: images/01_student.png Graphic file (type bmp)
<images/01_student.png>
[14] [15]
File: images/01_student_term.png Graphic file (type bmp)
<images/01_student_term.png>
File: images/01_freeze.png Graphic file (type bmp)
<images/01_freeze.png>

Underfull \hbox (badness 10000) in paragraph at lines 306--307

 []


Underfull \hbox (badness 10000) in paragraph at lines 314--315

 []

[16]
Underfull \hbox (badness 10000) in paragraph at lines 322--323

 []

File: images/01_gdp2020.png Graphic file (type bmp)
<images/01_gdp2020.png>
[17]
File: images/01_japan.png Graphic file (type bmp)
<images/01_japan.png>
File: images/01_cells.png Graphic file (type bmp)
<images/01_cells.png>
[18] [19]
File: images/01_average1.png Graphic file (type bmp)
<images/01_average1.png>
File: images/01_average2.png Graphic file (type bmp)
<images/01_average2.png>
File: images/01_gdp_sum_stats.png Graphic file (type bmp)
<images/01_gdp_sum_stats.png>
LaTeX Font Info:    Font shape `TU/lmtt/bx/n' in size <10> not available
(Font)              Font shape `TU/lmtt/b/n' tried instead on input line 432.

Underfull \hbox (badness 10000) in paragraph at lines 441--442

 []


Underfull \hbox (badness 10000) in paragraph at lines 449--450

 []

[20] [21]
File: images/01_tf1.png Graphic file (type bmp)
<images/01_tf1.png>
[22]
File: images/01_tf2.png Graphic file (type bmp)
<images/01_tf2.png>
File: images/01_fill.png Graphic file (type bmp)
<images/01_fill.png>
File: images/01_if1.png Graphic file (type bmp)
<images/01_if1.png>
File: images/01_if2.png Graphic file (type bmp)
<images/01_if2.png>
[23] [24]
File: images/01_passed1.png Graphic file (type bmp)
<images/01_passed1.png>
File: images/01_passed2.png Graphic file (type bmp)
<images/01_passed2.png>
File: images/01_sumstats1.png Graphic file (type bmp)
<images/01_sumstats1.png>
[25] [26]
File: images/01_sumstats2.png Graphic file (type bmp)
<images/01_sumstats2.png>
File: images/01_sumstats3.png Graphic file (type bmp)
<images/01_sumstats3.png>
[27]
File: images/01_frac_passed.png Graphic file (type bmp)
<images/01_frac_passed.png>
[28]
File: images/01_count.png Graphic file (type bmp)
<images/01_count.png>
File: images/01_pivot_final.png Graphic file (type bmp)
<images/01_pivot_final.png>
File: images/01_pivot1.png Graphic file (type bmp)
<images/01_pivot1.png>
[29] [30]
File: images/01_pivot3.png Graphic file (type bmp)
<images/01_pivot3.png>
File: images/01_pivot4.png Graphic file (type bmp)
<images/01_pivot4.png>
File: images/01_pivot5.png Graphic file (type bmp)
<images/01_pivot5.png>
File: images/01_pivot6.png Graphic file (type bmp)
<images/01_pivot6.png>
File: images/01_pivot7.png Graphic file (type bmp)
<images/01_pivot7.png>
[31] [32] [33] [34]
File: images/01_pivot7.png Graphic file (type bmp)
<images/01_pivot7.png>
[35]
File: images/01_age.png Graphic file (type bmp)
<images/01_age.png>
[36]
File: images/01_result1.png Graphic file (type bmp)
<images/01_result1.png>
[37]
File: images/01_pivot_field.png Graphic file (type bmp)
<images/01_pivot_field.png>
File: images/01_pivot_het_blank.png Graphic file (type bmp)
<images/01_pivot_het_blank.png>
[38] [39]
File: images/01_pivot_chart1.png Graphic file (type bmp)
<images/01_pivot_chart1.png>
File: images/01_pivot_chart2.png Graphic file (type bmp)
<images/01_pivot_chart2.png>
File: images/01_pivot_chart3.png Graphic file (type bmp)
<images/01_pivot_chart3.png>
File: images/01_pivot_chart4.png Graphic file (type bmp)
<images/01_pivot_chart4.png>
[40] [41]
File: images/01_pivot_chart5.png Graphic file (type bmp)
<images/01_pivot_chart5.png>
File: images/01_pivot_chart8.png Graphic file (type bmp)
<images/01_pivot_chart8.png>
[42]
File: images/01_pivot_chart9.png Graphic file (type bmp)
<images/01_pivot_chart9.png>
File: images/01_pivot_chart11.png Graphic file (type bmp)
<images/01_pivot_chart11.png>

Underfull \vbox (badness 10000) has occurred while \output is active []

[43]
File: images/01_adv_pivot2.png Graphic file (type bmp)
<images/01_adv_pivot2.png>
File: images/01_adv_pivot3.png Graphic file (type bmp)
<images/01_adv_pivot3.png>
File: images/01_adv_pivot4.png Graphic file (type bmp)
<images/01_adv_pivot4.png>
File: images/01_adv_pivot5.png Graphic file (type bmp)
<images/01_adv_pivot5.png>
[44] [45]
File: images/01_adv_pivot7.png Graphic file (type bmp)
<images/01_adv_pivot7.png>
[46] [47] [48] [49

] [50]
Chapter 2.
[51

]
File: images/02_oi.png Graphic file (type bmp)
<images/02_oi.png>
[52]
Underfull \hbox (badness 10000) in paragraph at lines 1075--1076

 []

[53]
Underfull \hbox (badness 10000) in paragraph at lines 1083--1084

 []


Package natbib Warning: Citation `deming2013profit' on page 54 undefined on inp
ut line 1103.

[54]
Underfull \hbox (badness 10000) in paragraph at lines 1168--1169

 []


Underfull \hbox (badness 10000) in paragraph at lines 1176--1177

 []


Underfull \hbox (badness 10000) in paragraph at lines 1184--1185

 []

File: images/02_main.png Graphic file (type bmp)
<images/02_main.png>
File: images/02_example_income.png Graphic file (type bmp)
<images/02_example_income.png>
[55] [56]
File: images/02_display_help_file.png Graphic file (type bmp)
<images/02_display_help_file.png>
[57]
File: images/02_hello_error.png Graphic file (type bmp)
<images/02_hello_error.png>

Underfull \vbox (badness 2205) has occurred while \output is active []

[58]
File: images/02_main copy.png Graphic file (type bmp)
<images/02_main copy.png>
File: images/02_icon.png Graphic file (type bmp)
<images/02_icon.png>
File: images/02_dofile1.png Graphic file (type bmp)
<images/02_dofile1.png>
File: images/02_dofile2.png Graphic file (type bmp)
<images/02_dofile2.png>
[59] [60]
File: images/02_dofile7.png Graphic file (type bmp)
<images/02_dofile7.png>
File: images/02_dofile8.png Graphic file (type bmp)
<images/02_dofile8.png>
File: images/02_dofile4.png Graphic file (type bmp)
<images/02_dofile4.png>
[61] [62]
Overfull \hbox (48.122pt too wide) in paragraph at lines 1438--1439
\TU/lmr/m/n/10 For me, this folder is “/Users/davidarnold/Dropbox/Teaching/EP5/
online/02_week/data”. 
 []

[63]
File: images/02_hierarchy.png Graphic file (type bmp)
<images/02_hierarchy.png>
[64]
File: images/02_describe_ex.png Graphic file (type bmp)
<images/02_describe_ex.png>
[65]
File: images/02_browse_ex.png Graphic file (type bmp)
<images/02_browse_ex.png>
[66] [67] [68] [69]
File: images/02_br.png Graphic file (type bmp)
<images/02_br.png>
File: images/02_error1.png Graphic file (type bmp)
<images/02_error1.png>
[70]
File: images/02_error2.png Graphic file (type bmp)
<images/02_error2.png>
File: images/02_sum_help.png Graphic file (type bmp)
<images/02_sum_help.png>
[71] [72] [73]
File: images/02_hist_ex.png Graphic file (type bmp)
<images/02_hist_ex.png>
[74]
File: images/02_movies1.png Graphic file (type bmp)
<images/02_movies1.png>
File: images/02_athletes.png Graphic file (type bmp)
<images/02_athletes.png>
[75] [76]

Package natbib Warning: Citation `upshot' on page 77 undefined on input line 19
33.

File: images/02_chipotle.png Graphic file (type bmp)
<images/02_chipotle.png>
[77]
File: images/02_hist1.png Graphic file (type bmp)
<images/02_hist1.png>
File: images/02_hist2.png Graphic file (type bmp)
<images/02_hist2.png>
[78]
File: images/02_hist6.png Graphic file (type bmp)
<images/02_hist6.png>
[79]
File: images/02_hist7.png Graphic file (type bmp)
<images/02_hist7.png>
[80]
File: images/02_histae2.png Graphic file (type bmp)
<images/02_histae2.png>
File: images/02_histae3.png Graphic file (type bmp)
<images/02_histae3.png>
[81] [82]
File: images/02_histae4.png Graphic file (type bmp)
<images/02_histae4.png>
File: images/02_histae5.png Graphic file (type bmp)
<images/02_histae5.png>
[83]
File: images/02_histae7.png Graphic file (type bmp)
<images/02_histae7.png>

Underfull \vbox (badness 10000) has occurred while \output is active []

[84]
File: images/02_scatter.png Graphic file (type bmp)
<images/02_scatter.png>
File: images/02_trends.png Graphic file (type bmp)
<images/02_trends.png>
[85] [86]
File: images/02_trends2.png Graphic file (type bmp)
<images/02_trends2.png>
[87]
File: images/02_top10.png Graphic file (type bmp)
<images/02_top10.png>
File: images/02_trends_selected.png Graphic file (type bmp)
<images/02_trends_selected.png>
[88] [89] [90]
Chapter 3.
File: images/03_data.png Graphic file (type bmp)
<images/03_data.png>
File: images/03_daily_show.png Graphic file (type bmp)
<images/03_daily_show.png>
[91

] [92]
File: images/03_describe.png Graphic file (type bmp)
<images/03_describe.png>
[93]
File: images/03_population.png Graphic file (type bmp)
<images/03_population.png>
[94]

Package natbib Warning: Citation `grogger2006testing' on page 95 undefined on i
nput line 2415.

File: images/03_veil1.png Graphic file (type bmp)
<images/03_veil1.png>
[95] [96]
File: images/03_append.png Graphic file (type bmp)
<images/03_append.png>
[97]
File: images/03_merge_one.png Graphic file (type bmp)
<images/03_merge_one.png>
[98]
File: images/03_merge_many.png Graphic file (type bmp)
<images/03_merge_many.png>
File: images/03_merge1to1.png Graphic file (type bmp)
<images/03_merge1to1.png>
[99]
File: images/03_mergemto1.png Graphic file (type bmp)
<images/03_mergemto1.png>
[100]
File: images/03_imp_merge.png Graphic file (type bmp)
<images/03_imp_merge.png>
[101]
Underfull \hbox (badness 2753) in paragraph at lines 2625--2626
[]\TU/lmr/m/n/10 Two observations were not matched. One from the master dataset

 []


Underfull \vbox (badness 1137) has occurred while \output is active []

[102]
File: images/03_samename.png Graphic file (type bmp)
<images/03_samename.png>
File: images/03_sameformat.png Graphic file (type bmp)
<images/03_sameformat.png>
[103] [104] [105] [106] [107]
Overfull \hbox (40.03pt too wide) in paragraph at lines 2900--2901
[]\TU/lmr/m/n/10 This code will place a new file in your working directory name
d \TU/lmtt/m/n/10 sd_analysis_sample.dta\TU/lmr/m/n/10 .
 []

[108] [109] [110] [111]
File: images/03_school_gpa.png Graphic file (type bmp)
<images/03_school_gpa.png>
[112]
File: images/03_bar_ex.png Graphic file (type bmp)
<images/03_bar_ex.png>
File: images/03_bar_ex2.png Graphic file (type bmp)
<images/03_bar_ex2.png>

Underfull \vbox (badness 1077) has occurred while \output is active []

[113]
File: images/03_bar_ex3.png Graphic file (type bmp)
<images/03_bar_ex3.png>
[114]
File: images/03_wages.png Graphic file (type bmp)
<images/03_wages.png>
[115]
File: images/03_wages2.png Graphic file (type bmp)
<images/03_wages2.png>
File: images/03_ill_ex1.png Graphic file (type bmp)
<images/03_ill_ex1.png>
[116]
File: images/03_ill_ex2.png Graphic file (type bmp)
<images/03_ill_ex2.png>
[117]
File: images/03_br1.png Graphic file (type bmp)
<images/03_br1.png>

Overfull \hbox (38.24133pt too wide) detected at line 3306
[] [] [] [] [] [][][][][]
 []

[118]
File: images/03_br1p5.png Graphic file (type bmp)
<images/03_br1p5.png>
File: images/03_bar1.png Graphic file (type bmp)
<images/03_bar1.png>
[119]
File: images/03_bar2.png Graphic file (type bmp)
<images/03_bar2.png>
File: images/03_bar3.png Graphic file (type bmp)
<images/03_bar3.png>
[120]
File: images/03_bar4.png Graphic file (type bmp)
<images/03_bar4.png>

Underfull \hbox (badness 1242) in paragraph at lines 3418--3419
[]\TU/lmr/m/n/10 The last step is to can change the colors of the bars. In the 
code
 []


Underfull \hbox (badness 2970) in paragraph at lines 3418--3419
\TU/lmr/m/n/10 below, \TU/lmtt/m/n/10 bar(1, fcolor(sky)) \TU/lmr/m/n/10 change
s the \TU/lmtt/m/n/10 Light \TU/lmr/m/n/10 bars to a sky blue.
 []

[121]
File: images/03_bar5.png Graphic file (type bmp)
<images/03_bar5.png>

Package natbib Warning: Citation `kalinowski2017endogenous' on page 122 undefin
ed on input line 3448.

[122]
File: images/03_search_rates.png Graphic file (type bmp)
<images/03_search_rates.png>
[123] [124]
Chapter 4.

Package natbib Warning: Citation `pratham2017' on page 125 undefined on input l
ine 3473.


Package natbib Warning: Citation `msg2019disrupting' on page 125 undefined on i
nput line 3475.

[125

]
File: images/04_describe.png Graphic file (type bmp)
<images/04_describe.png>
[126]
File: images/04_ctof.png Graphic file (type bmp)
<images/04_ctof.png>
[127] [128]

LaTeX Warning: Reference `fig:reg2' on page 129 undefined on input line 3589.

File: images/04_reg2.png Graphic file (type bmp)
<images/04_reg2.png>
File: images/04_reg4.png Graphic file (type bmp)
<images/04_reg4.png>
[129]
File: images/04_reg3.png Graphic file (type bmp)
<images/04_reg3.png>
[130]
File: images/04_scatter1.pdf Graphic file (type pdf)
<use images/04_scatter1.pdf>
[131]
File: images/04_scatter1p5.pdf Graphic file (type pdf)
<use images/04_scatter1p5.pdf>

Underfull \vbox (badness 10000) has occurred while \output is active []

[132] [133] [134]
File: images/04_scatter3.pdf Graphic file (type pdf)
<use images/04_scatter3.pdf>
[135]
Overfull \hbox (57.69206pt too wide) detected at line 3767
[] [] [][][][][] [] [][][][] [] [][][] [] [] [][][][][] [] [][][][] [] [][]
 []

[136] [137] [138]
File: images/04_best_lfit.pdf Graphic file (type pdf)
<use images/04_best_lfit.pdf>
[139] [140] [141] [142] [143] [144]
File: images/04_basic.png Graphic file (type bmp)
<images/04_basic.png>
[145]
File: images/04_improved.png Graphic file (type bmp)
<images/04_improved.png>
[146] [147]
File: images/04_msg_tab.png Graphic file (type bmp)
<images/04_msg_tab.png>
[148]
File: images/04_tab1_basic.png Graphic file (type bmp)
<images/04_tab1_basic.png>
File: images/04_balance_tab.png Graphic file (type bmp)
<images/04_balance_tab.png>
[149] [150]
File: images/04_balance_tab_fin.png Graphic file (type bmp)
<images/04_balance_tab_fin.png>
[151] [152] [153] [154] [155]
Underfull \hbox (badness 2735) in paragraph at lines 4570--4572
[]\TU/lmtt/m/n/10 using reg_table.doc \TU/lmr/m/n/10 – tells Stata to create a 
new file named
 []

File: images/04_reg_table_basic.png Graphic file (type bmp)
<images/04_reg_table_basic.png>
[156]
File: images/04_reg_table_coefs.png Graphic file (type bmp)
<images/04_reg_table_coefs.png>
[157]
File: images/04_reg_table_improved.png Graphic file (type bmp)
<images/04_reg_table_improved.png>
[158] [159] [160] [161] [162]

Package natbib Warning: Citation `berry2016pricing' on page 163 undefined on in
put line 4806.

File: images/04_fig.png Graphic file (type bmp)
<images/04_fig.png>
[163] [164]
Underfull \hbox (badness 10000) in paragraph at lines 4849--4851
[]\TU/lmtt/m/n/10 outreg2 using table.doc, word replace sum(log) eqkeep(N
 []

[165] [166

]
Chapter 5.
File: images/05_map.png Graphic file (type bmp)
<images/05_map.png>
[167]
File: images/05_describe.png Graphic file (type bmp)
<images/05_describe.png>
[168]
File: images/05_values.png Graphic file (type bmp)
<images/05_values.png>
[169]
File: images/05_missing.png Graphic file (type bmp)
<images/05_missing.png>

Underfull \vbox (badness 5726) has occurred while \output is active []

[170]
File: images/05_br1.png Graphic file (type bmp)
<images/05_br1.png>
File: images/05_br2.png Graphic file (type bmp)
<images/05_br2.png>
[171] [172] [173] [174]
File: images/05_bin1.png Graphic file (type bmp)
<images/05_bin1.png>
[175]
File: images/05_bin2.png Graphic file (type bmp)
<images/05_bin2.png>
File: images/05_bin4.png Graphic file (type bmp)
<images/05_bin4.png>
[176] [177]
File: images/05_binscatter2.png Graphic file (type bmp)
<images/05_binscatter2.png>
File: images/05_binreg.png Graphic file (type bmp)
<images/05_binreg.png>
[178] [179]
File: images/05_lm_1.png Graphic file (type bmp)
<images/05_lm_1.png>
File: images/05_lm_2.png Graphic file (type bmp)
<images/05_lm_2.png>
[180] [181]
Underfull \hbox (badness 1946) in paragraph at lines 5386--5387
[]\TU/lmtt/m/n/10 binscatter yvar xvar, nquantiles(#) \TU/lmr/m/n/10 - creates 
a binned scatter
 []


Underfull \hbox (badness 1147) in paragraph at lines 5386--5387
\TU/lmr/m/n/10 plot with \TU/lmtt/m/n/10 yvar \TU/lmr/m/n/10 on the vertical ax
is, \TU/lmtt/m/n/10 xvar \TU/lmr/m/n/10 on the horizontal axis.
 []

[182] [183

] [184]
Chapter 6.

Package natbib Warning: Citation `bertrand2004emily' on page 185 undefined on i
nput line 5406.

[185

]

Package natbib Warning: Citation `imai2018quantitative' on page 186 undefined o
n input line 5419.

File: images/06_rstudio.png Graphic file (type bmp)
<images/06_rstudio.png>
[186]
File: images/06_run.png Graphic file (type bmp)
<images/06_run.png>
[187] [188] [189] [190] [191] [192]
File: images/06_bluearrow.png Graphic file (type bmp)
<images/06_bluearrow.png>
[193] [194] [195] [196] [197] [198]
Underfull \vbox (badness 1221) has occurred while \output is active []

[199] [200] [201] [202] [203] [204] [205] [206]

Package natbib Warning: Citation `kline2021systemic' on page 207 undefined on i
nput line 6452.


Overfull \hbox (13.8109pt too wide) in paragraph at lines 6463--6465
\TU/lmr/m/n/10 in pathname. For example, if I type \TU/lmtt/m/n/10 setwd("Users
/davidarnold/Desktop")\TU/lmr/m/n/10 ,
 []

[207] [208

]
Chapter 7.
File: images/07_RugRatMothers.png Graphic file (type bmp)
<images/07_RugRatMothers.png>
[209] [210] [211] [212] [213] [214] [215] [216] [217] [218] [219] [220]
Underfull \vbox (badness 1502) has occurred while \output is active []

[221] [222]
Overfull \vbox (1.11992pt too high) detected at line 7152
 []

[223]
File: images/07_ChildCareByType.png Graphic file (type bmp)
<images/07_ChildCareByType.png>
[224] [225] [226] [227] [228] [229]
Underfull \hbox (badness 10000) in paragraph at lines 7398--7399
[]\TU/lmr/m/n/10 If I type \TU/lmtt/m/n/10 group_by(school,graduationdate)\TU/l
mr/m/n/10 , then any subsequent
 []


Underfull \hbox (badness 2922) in paragraph at lines 7398--7399
\TU/lmtt/m/n/10 summarize() \TU/lmr/m/n/10 command will be done completely sepa
rately by unique
 []

[230] [231]
Overfull \hbox (1.53pt too wide) in paragraph at lines 7495--7496
\TU/lmr/m/n/10 using a package you need to install it using \TU/lmtt/m/n/10 ins
tall.packages("packagename")\TU/lmr/m/n/10 .
 []

[232] [233] [234] [235] [236

]
Chapter 8.

Package natbib Warning: Citation `greenstone2022can' on page 237 undefined on i
nput line 7666.

[237] [238] [239]
File: 08-week8_files/figure-latex/hist1-1.pdf Graphic file (type pdf)
<use 08-week8_files/figure-latex/hist1-1.pdf>
[240]
File: 08-week8_files/figure-latex/hist2-1.pdf Graphic file (type pdf)
<use 08-week8_files/figure-latex/hist2-1.pdf>
[241]
File: 08-week8_files/figure-latex/hist3-1.pdf Graphic file (type pdf)
<use 08-week8_files/figure-latex/hist3-1.pdf>

Underfull \vbox (badness 1342) has occurred while \output is active []

[242] [243]
File: 08-week8_files/figure-latex/unnamed-chunk-10-1.pdf Graphic file (type pdf
)
<use 08-week8_files/figure-latex/unnamed-chunk-10-1.pdf>
File: 08-week8_files/figure-latex/unnamed-chunk-11-1.pdf Graphic file (type pdf
)
<use 08-week8_files/figure-latex/unnamed-chunk-11-1.pdf>

Underfull \vbox (badness 10000) has occurred while \output is active []

[244] [245]
File: 08-week8_files/figure-latex/unnamed-chunk-12-1.pdf Graphic file (type pdf
)
<use 08-week8_files/figure-latex/unnamed-chunk-12-1.pdf>

Underfull \vbox (badness 1033) has occurred while \output is active []

[246]
File: 08-week8_files/figure-latex/unnamed-chunk-14-1.pdf Graphic file (type pdf
)
<use 08-week8_files/figure-latex/unnamed-chunk-14-1.pdf>
[247]
File: 08-week8_files/figure-latex/unnamed-chunk-15-1.pdf Graphic file (type pdf
)
<use 08-week8_files/figure-latex/unnamed-chunk-15-1.pdf>

Overfull \hbox (20.90201pt too wide) in paragraph at lines 7978--7979
\TU/lmtt/m/n/10 ~ pm_byday$after \TU/lmr/m/n/10 inside the boxplot function, ra
ther than just \TU/lmtt/m/n/10 pm_byday$meanpm10\TU/lmr/m/n/10 . 
 []

[248]
File: 08-week8_files/figure-latex/unnamed-chunk-17-1.pdf Graphic file (type pdf
)
<use 08-week8_files/figure-latex/unnamed-chunk-17-1.pdf>
File: 08-week8_files/figure-latex/unnamed-chunk-19-1.pdf Graphic file (type pdf
)
<use 08-week8_files/figure-latex/unnamed-chunk-19-1.pdf>
[249]
File: 08-week8_files/figure-latex/unnamed-chunk-20-1.pdf Graphic file (type pdf
)
<use 08-week8_files/figure-latex/unnamed-chunk-20-1.pdf>
[250]
File: 08-week8_files/figure-latex/unnamed-chunk-21-1.pdf Graphic file (type pdf
)
<use 08-week8_files/figure-latex/unnamed-chunk-21-1.pdf>
[251]
Underfull \hbox (badness 1178) in paragraph at lines 8112--8113
\TU/lmtt/m/n/10 install.packages("lubridate") \TU/lmr/m/n/10 and then load into
 memory using the
 []

[252] [253]
File: 08-week8_files/figure-latex/unnamed-chunk-38-1.pdf Graphic file (type pdf
)
<use 08-week8_files/figure-latex/unnamed-chunk-38-1.pdf>
[254]
File: 08-week8_files/figure-latex/unnamed-chunk-40-1.pdf Graphic file (type pdf
)
<use 08-week8_files/figure-latex/unnamed-chunk-40-1.pdf>
[255]
File: 08-week8_files/figure-latex/unnamed-chunk-43-1.pdf Graphic file (type pdf
)
<use 08-week8_files/figure-latex/unnamed-chunk-43-1.pdf>

Underfull \vbox (badness 10000) has occurred while \output is active []

[256]
File: 08-week8_files/figure-latex/unnamed-chunk-44-1.pdf Graphic file (type pdf
)
<use 08-week8_files/figure-latex/unnamed-chunk-44-1.pdf>
[257]
File: 08-week8_files/figure-latex/unnamed-chunk-45-1.pdf Graphic file (type pdf
)
<use 08-week8_files/figure-latex/unnamed-chunk-45-1.pdf>
File: 08-week8_files/figure-latex/unnamed-chunk-46-1.pdf Graphic file (type pdf
)
<use 08-week8_files/figure-latex/unnamed-chunk-46-1.pdf>

Underfull \vbox (badness 10000) has occurred while \output is active []

[258]
File: 08-week8_files/figure-latex/unnamed-chunk-47-1.pdf Graphic file (type pdf
)
<use 08-week8_files/figure-latex/unnamed-chunk-47-1.pdf>

Underfull \vbox (badness 10000) has occurred while \output is active []

[259]
Underfull \vbox (badness 1112) has occurred while \output is active []

[260]
File: 08-week8_files/figure-latex/badbar-1.pdf Graphic file (type pdf)
<use 08-week8_files/figure-latex/badbar-1.pdf>
File: 08-week8_files/figure-latex/goodbar-1.pdf Graphic file (type pdf)
<use 08-week8_files/figure-latex/goodbar-1.pdf>

Underfull \vbox (badness 10000) has occurred while \output is active []

[261]
File: 08-week8_files/figure-latex/coloredbar-1.pdf Graphic file (type pdf)
<use 08-week8_files/figure-latex/coloredbar-1.pdf>

Underfull \vbox (badness 10000) has occurred while \output is active []

[262]
Underfull \hbox (badness 1286) in paragraph at lines 8474--8475
[]\TU/lmr/m/n/10 To do so we will use the option \TU/lmtt/m/n/10 position = pos
ition_dodge() \TU/lmr/m/n/10 inside
 []

File: 08-week8_files/figure-latex/dodgebar-1.pdf Graphic file (type pdf)
<use 08-week8_files/figure-latex/dodgebar-1.pdf>

Underfull \vbox (badness 10000) has occurred while \output is active []

[263]
File: 08-week8_files/figure-latex/unnamed-chunk-52-1.pdf Graphic file (type pdf
)
<use 08-week8_files/figure-latex/unnamed-chunk-52-1.pdf>

Underfull \vbox (badness 10000) has occurred while \output is active []

[264]
Overfull \vbox (1.27551pt too high) detected at line 8539
 []

[265]
File: 08-week8_files/figure-latex/unnamed-chunk-57-1.pdf Graphic file (type pdf
)
<use 08-week8_files/figure-latex/unnamed-chunk-57-1.pdf>

Underfull \vbox (badness 10000) has occurred while \output is active []

[266] [267]
File: 08-week8_files/figure-latex/unnamed-chunk-61-1.pdf Graphic file (type pdf
)
<use 08-week8_files/figure-latex/unnamed-chunk-61-1.pdf>

Underfull \vbox (badness 10000) has occurred while \output is active []

[268] [269] [270

]
Chapter 9.
File: images/09_palmballot.png Graphic file (type bmp)
<images/09_palmballot.png>

Package natbib Warning: Citation `wand2001butterfly' on page 271 undefined on i
nput line 8692.


Package natbib Warning: Citation `imai2018quantitative' on page 271 undefined o
n input line 8692.

[271] [272]
File: 09-week9_files/figure-latex/butter1-1.pdf Graphic file (type pdf)
<use 09-week9_files/figure-latex/butter1-1.pdf>
[273]
File: 09-week9_files/figure-latex/butter2-1.pdf Graphic file (type pdf)
<use 09-week9_files/figure-latex/butter2-1.pdf>
[274] [275]
File: 09-week9_files/figure-latex/basescatter1-1.pdf Graphic file (type pdf)
<use 09-week9_files/figure-latex/basescatter1-1.pdf>
[276]
File: 09-week9_files/figure-latex/basescatter2-1.pdf Graphic file (type pdf)
<use 09-week9_files/figure-latex/basescatter2-1.pdf>
[277]
File: 09-week9_files/figure-latex/basescatter3-1.pdf Graphic file (type pdf)
<use 09-week9_files/figure-latex/basescatter3-1.pdf>
File: 09-week9_files/figure-latex/geomscatter-1.pdf Graphic file (type pdf)
<use 09-week9_files/figure-latex/geomscatter-1.pdf>

Underfull \vbox (badness 10000) has occurred while \output is active []

[278] [279] [280] [281]

Package natbib Warning: Citation `hill2016turning' on page 282 undefined on inp
ut line 9066.

[282] [283] [284] [285] [286] [287] [288

]
Chapter 10.

Package natbib Warning: Citation `haushofer2016short' on page 289 undefined on 
input line 9226.

[289] [290] [291] [292] [293]
File: images/10_function_ex.png Graphic file (type bmp)
<images/10_function_ex.png>
[294]
Underfull \hbox (badness 1264) in paragraph at lines 9483--9484
\TU/lmr/m/n/10 So this contrasts to other ways in which we have referenced vari
ables
 []

[295] [296]
Underfull \hbox (badness 2119) in paragraph at lines 9553--9554
\TU/lmr/m/n/10 able to understand. The line \TU/lmtt/m/n/10 output <- c(treataf
ter,treatbefore,
 []


Underfull \hbox (badness 1184) in paragraph at lines 9553--9554
\TU/lmr/m/n/10 a single vector. The code \TU/lmtt/m/n/10 names(output)<- c("Tre
at After", "Treat
 []

[297]
Underfull \hbox (badness 1303) in paragraph at lines 9589--9590
[]\TU/lmr/m/n/10 In this study, we have a number of variables that are in the f
ormat
 []

[298] [299] [300]
Underfull \vbox (badness 10000) has occurred while \output is active []

[301]
Overfull \hbox (34.42201pt too wide) in paragraph at lines 9734--9736
[]\TU/lmtt/m/n/10 paste() \TU/lmr/m/n/10 – Concatenates strings together. For e
xample, \TU/lmtt/m/n/10 paste("Hello","World")
 []

[302] (./EP5Bookdown.bbl [303

] [304

] [305])

Package natbib Warning: There were undefined citations.

[306] (./EP5Bookdown.aux

Package natbib Warning: Citation(s) may have changed.
(natbib)                Rerun to get citations correct.


! Package natbib Error: Bibliography not compatible with author-year citations.

(natbib)                Press <return> to continue in numerical citation style.


See the natbib package documentation for explanation.
Type  H <return>  for immediate help.
 ...                                              
                                                  
l.644 ...and\NAT@force@numbers{}\NAT@force@numbers
                                                   
Here is how much of TeX's memory you used:
 22929 strings out of 476683
 449819 string characters out of 5804047
 1863018 words of memory out of 5000000
 42692 multiletter control sequences out of 15000+600000
 518778 words of font info for 90 fonts, out of 8000000 for 9000
 1348 hyphenation exceptions out of 8191
 86i,6n,121p,1008b,524s stack positions out of 10000i,1000n,20000p,200000b,200000s

Output written on EP5Bookdown.pdf (306 pages).
